app/build/intermediates/manifest_merge_blame_file/debug/manifest-merger-blame-debug-report.txt
1<?xml version="1.0" encoding="utf-8"?>
2<manifest xmlns:android="http://schemas.android.com/apk/res/android"
3    package="cn.com.lenew.bluetooth"
4    android:versionCode="1"
5    android:versionName="1.0" >
6
7    <uses-sdk
8        android:minSdkVersion="16"
8-->src\main\AndroidManifest.xml
9        android:targetSdkVersion="23" />
9-->src\main\AndroidManifest.xml
10
11    <uses-permission android:name="android.permission.BLUETOOTH" />
11-->src\main\AndroidManifest.xml:5:5-68
11-->src\main\AndroidManifest.xml:5:22-65
12    <uses-permission android:name="android.permission.BLUETOOTH_ADMIN" />
12-->src\main\AndroidManifest.xml:6:5-74
12-->src\main\AndroidManifest.xml:6:22-71
13    <uses-permission android:name="android.permission.BLUETOOTH_PRIVILEGED" />
13-->src\main\AndroidManifest.xml:7:5-79
13-->src\main\AndroidManifest.xml:7:22-76
14    <uses-permission android:name="android.permission.ACCESS_COARSE_LOCATION" />
14-->src\main\AndroidManifest.xml:8:5-81
14-->src\main\AndroidManifest.xml:8:22-78
15    <uses-permission android:name="android.permission.WRITE_EXTERNAL_STORAGE" />
15-->src\main\AndroidManifest.xml:10:5-80
15-->src\main\AndroidManifest.xml:10:22-78
16    <uses-permission android:name="android.permission.READ_EXTERNAL_STORAGE" />
16-->src\main\AndroidManifest.xml:11:5-79
16-->src\main\AndroidManifest.xml:11:22-77
17    <uses-permission android:name="android.permission.SYSTEM_ALERT_WINDOW" />
17-->src\main\AndroidManifest.xml:12:5-77
17-->src\main\AndroidManifest.xml:12:22-75
18
19    <application
19-->src\main\AndroidManifest.xml:15:5-41:19
20        android:name="cn.com.lenew.bluetooth.App"
20-->src\main\AndroidManifest.xml:19:9-28
21        android:allowBackup="true"
21-->src\main\AndroidManifest.xml:16:9-35
22        android:debuggable="true"
23        android:icon="@mipmap/icon_logo"
23-->src\main\AndroidManifest.xml:17:9-41
24        android:label="@string/app_name"
24-->src\main\AndroidManifest.xml:18:9-41
25        android:supportsRtl="true"
25-->src\main\AndroidManifest.xml:20:9-35
26        android:testOnly="true"
27        android:theme="@style/AppTheme" >
27-->src\main\AndroidManifest.xml:21:9-40
28        <activity android:name="cn.com.lenew.bluetooth.activity.MainActivity" >
28-->src\main\AndroidManifest.xml:22:9-28:20
28-->src\main\AndroidManifest.xml:22:19-56
29            <intent-filter>
29-->src\main\AndroidManifest.xml:23:13-27:29
30                <action android:name="android.intent.action.MAIN" />
30-->src\main\AndroidManifest.xml:24:17-69
30-->src\main\AndroidManifest.xml:24:25-66
31
32                <category android:name="android.intent.category.LAUNCHER" />
32-->src\main\AndroidManifest.xml:26:17-77
32-->src\main\AndroidManifest.xml:26:27-74
33            </intent-filter>
34        </activity>
35        <activity android:name="cn.com.lenew.bluetooth.activity.ChatActivity" />
35-->src\main\AndroidManifest.xml:29:9-68
35-->src\main\AndroidManifest.xml:29:19-56
36
37        <service android:name="cn.com.lenew.bluetooth.service.ServerService" >
37-->src\main\AndroidManifest.xml:31:9-35:19
37-->src\main\AndroidManifest.xml:31:18-55
38            <intent-filter>
38-->src\main\AndroidManifest.xml:32:13-34:29
39                <action android:name="bid.yangjing.bluetooth.ServerService" />
39-->src\main\AndroidManifest.xml:33:17-78
39-->src\main\AndroidManifest.xml:33:25-76
40            </intent-filter>
41        </service>
42        <service android:name="cn.com.lenew.bluetooth.service.MessageService" >
42-->src\main\AndroidManifest.xml:36:9-40:19
42-->src\main\AndroidManifest.xml:36:18-56
43            <intent-filter>
43-->src\main\AndroidManifest.xml:37:13-39:29
44                <action android:name="bid.yangjing.bluetooth.MessageService" />
44-->src\main\AndroidManifest.xml:38:17-79
44-->src\main\AndroidManifest.xml:38:25-77
45            </intent-filter>
46        </service>
47    </application>
48
49</manifest>